# JRE version: OpenJDK Runtime Environment (8.0_112-b06) (build 1.8.0_112-release-b06)
# Java VM: OpenJDK 64-Bit Server VM (25.112-b06 mixed mode windows-amd64 compressed oops)
Heap:
 PSYoungGen      total 294912K, used 105206K [0x00000000eab00000, 0x00000000ffc00000, 0x0000000100000000)
  eden space 244736K, 38% used [0x00000000eab00000,0x00000000f0669b58,0x00000000f9a00000)
  from space 50176K, 23% used [0x00000000fcb00000,0x00000000fd654060,0x00000000ffc00000)
  to   space 50176K, 0% used [0x00000000f9a00000,0x00000000f9a00000,0x00000000fcb00000)
 ParOldGen       total 274944K, used 132278K [0x00000000c0000000, 0x00000000d0c80000, 0x00000000eab00000)
  object space 274944K, 48% used [0x00000000c0000000,0x00000000c812d988,0x00000000d0c80000)
 Metaspace       used 71980K, capacity 76922K, committed 77056K, reserved 1116160K
  class space    used 9441K, capacity 10481K, committed 10496K, reserved 1048576K
GC Heap History (10 events):
Event: 65.692 GC heap before
{Heap before GC invocations=26 (full 4):
 PSYoungGen      total 293376K, used 14541K [0x00000000eab00000, 0x0000000100000000, 0x0000000100000000)
  eden space 236032K, 0% used [0x00000000eab00000,0x00000000eab00000,0x00000000f9180000)
  from space 57344K, 25% used [0x00000000fc800000,0x00000000fd633630,0x0000000100000000)
  to   space 55808K, 0% used [0x00000000f9180000,0x00000000f9180000,0x00000000fc800000)
 ParOldGen       total 175616K, used 153263K [0x00000000c0000000, 0x00000000cab80000, 0x00000000eab00000)
  object space 175616K, 87% used [0x00000000c0000000,0x00000000c95abe38,0x00000000cab80000)
 Metaspace       used 71091K, capacity 75822K, committed 76032K, reserved 1114112K
  class space    used 9379K, capacity 10391K, committed 10496K, reserved 1048576K
Event: 66.243 GC heap after
Heap after GC invocations=26 (full 4):
 PSYoungGen      total 293376K, used 0K [0x00000000eab00000, 0x0000000100000000, 0x0000000100000000)
  eden space 236032K, 0% used [0x00000000eab00000,0x00000000eab00000,0x00000000f9180000)
  from space 57344K, 0% used [0x00000000fc800000,0x00000000fc800000,0x0000000100000000)
  to   space 55808K, 0% used [0x00000000f9180000,0x00000000f9180000,0x00000000fc800000)
 ParOldGen       total 274944K, used 129838K [0x00000000c0000000, 0x00000000d0c80000, 0x00000000eab00000)
  object space 274944K, 47% used [0x00000000c0000000,0x00000000c7ecb928,0x00000000d0c80000)
 Metaspace       used 71089K, capacity 75816K, committed 76032K, reserved 1114112K
  class space    used 9378K, capacity 10390K, committed 10496K, reserved 1048576K
}
Event: 71.561 GC heap before
{Heap before GC invocations=27 (full 4):
 PSYoungGen      total 293376K, used 236032K [0x00000000eab00000, 0x0000000100000000, 0x0000000100000000)
  eden space 236032K, 100% used [0x00000000eab00000,0x00000000f9180000,0x00000000f9180000)
  from space 57344K, 0% used [0x00000000fc800000,0x00000000fc800000,0x0000000100000000)
  to   space 55808K, 0% used [0x00000000f9180000,0x00000000f9180000,0x00000000fc800000)
 ParOldGen       total 274944K, used 129838K [0x00000000c0000000, 0x00000000d0c80000, 0x00000000eab00000)
  object space 274944K, 47% used [0x00000000c0000000,0x00000000c7ecb928,0x00000000d0c80000)
 Metaspace       used 71140K, capacity 75896K, committed 76288K, reserved 1116160K
  class space    used 9380K, capacity 10392K, committed 10496K, reserved 1048576K
Event: 71.585 GC heap after
Heap after GC invocations=27 (full 4):
 PSYoungGen      total 252928K, used 16764K [0x00000000eab00000, 0x00000000ff980000, 0x0000000100000000)
  eden space 236032K, 0% used [0x00000000eab00000,0x00000000eab00000,0x00000000f9180000)
  from space 16896K, 99% used [0x00000000f9180000,0x00000000fa1df3d0,0x00000000fa200000)
  to   space 53248K, 0% used [0x00000000fc580000,0x00000000fc580000,0x00000000ff980000)
 ParOldGen       total 274944K, used 129846K [0x00000000c0000000, 0x00000000d0c80000, 0x00000000eab00000)
  object space 274944K, 47% used [0x00000000c0000000,0x00000000c7ecd928,0x00000000d0c80000)
 Metaspace       used 71140K, capacity 75896K, committed 76288K, reserved 1116160K
  class space    used 9380K, capacity 10392K, committed 10496K, reserved 1048576K
}
Event: 78.436 GC heap before
{Heap before GC invocations=28 (full 4):
 PSYoungGen      total 252928K, used 252796K [0x00000000eab00000, 0x00000000ff980000, 0x0000000100000000)
  eden space 236032K, 100% used [0x00000000eab00000,0x00000000f9180000,0x00000000f9180000)
  from space 16896K, 99% used [0x00000000f9180000,0x00000000fa1df3d0,0x00000000fa200000)
  to   space 53248K, 0% used [0x00000000fc580000,0x00000000fc580000,0x00000000ff980000)
 ParOldGen       total 274944K, used 129846K [0x00000000c0000000, 0x00000000d0c80000, 0x00000000eab00000)
  object space 274944K, 47% used [0x00000000c0000000,0x00000000c7ecd928,0x00000000d0c80000)
 Metaspace       used 71289K, capacity 76050K, committed 76288K, reserved 1116160K
  class space    used 9389K, capacity 10407K, committed 10496K, reserved 1048576K
Event: 78.462 GC heap after
Heap after GC invocations=28 (full 4):
 PSYoungGen      total 289792K, used 9741K [0x00000000eab00000, 0x0000000100000000, 0x0000000100000000)
  eden space 236544K, 0% used [0x00000000eab00000,0x00000000eab00000,0x00000000f9200000)
  from space 53248K, 18% used [0x00000000fc580000,0x00000000fcf03420,0x00000000ff980000)
  to   space 52736K, 0% used [0x00000000f9200000,0x00000000f9200000,0x00000000fc580000)
 ParOldGen       total 274944K, used 132262K [0x00000000c0000000, 0x00000000d0c80000, 0x00000000eab00000)
  object space 274944K, 48% used [0x00000000c0000000,0x00000000c8129988,0x00000000d0c80000)
 Metaspace       used 71289K, capacity 76050K, committed 76288K, reserved 1116160K
  class space    used 9389K, capacity 10407K, committed 10496K, reserved 1048576K
}
Event: 86.246 GC heap before
{Heap before GC invocations=29 (full 4):
 PSYoungGen      total 289792K, used 246285K [0x00000000eab00000, 0x0000000100000000, 0x0000000100000000)
  eden space 236544K, 100% used [0x00000000eab00000,0x00000000f9200000,0x00000000f9200000)
  from space 53248K, 18% used [0x00000000fc580000,0x00000000fcf03420,0x00000000ff980000)
  to   space 52736K, 0% used [0x00000000f9200000,0x00000000f9200000,0x00000000fc580000)
 ParOldGen       total 274944K, used 132262K [0x00000000c0000000, 0x00000000d0c80000, 0x00000000eab00000)
  object space 274944K, 48% used [0x00000000c0000000,0x00000000c8129988,0x00000000d0c80000)
 Metaspace       used 71492K, capacity 76436K, committed 76544K, reserved 1116160K
  class space    used 9414K, capacity 10450K, committed 10496K, reserved 1048576K
Event: 86.256 GC heap after
Heap after GC invocations=29 (full 4):
 PSYoungGen      total 289280K, used 6560K [0x00000000eab00000, 0x00000000ffd80000, 0x0000000100000000)
  eden space 236544K, 0% used [0x00000000eab00000,0x00000000eab00000,0x00000000f9200000)
  from space 52736K, 12% used [0x00000000f9200000,0x00000000f9868040,0x00000000fc580000)
  to   space 51712K, 0% used [0x00000000fcb00000,0x00000000fcb00000,0x00000000ffd80000)
 ParOldGen       total 274944K, used 132270K [0x00000000c0000000, 0x00000000d0c80000, 0x00000000eab00000)
  object space 274944K, 48% used [0x00000000c0000000,0x00000000c812b988,0x00000000d0c80000)
 Metaspace       used 71492K, capacity 76436K, committed 76544K, reserved 1116160K
  class space    used 9414K, capacity 10450K, committed 10496K, reserved 1048576K
}
Event: 392.753 GC heap before
{Heap before GC invocations=30 (full 4):
 PSYoungGen      total 289280K, used 243104K [0x00000000eab00000, 0x00000000ffd80000, 0x0000000100000000)
  eden space 236544K, 100% used [0x00000000eab00000,0x00000000f9200000,0x00000000f9200000)
  from space 52736K, 12% used [0x00000000f9200000,0x00000000f9868040,0x00000000fc580000)
  to   space 51712K, 0% used [0x00000000fcb00000,0x00000000fcb00000,0x00000000ffd80000)
 ParOldGen       total 274944K, used 132270K [0x00000000c0000000, 0x00000000d0c80000, 0x00000000eab00000)
  object space 274944K, 48% used [0x00000000c0000000,0x00000000c812b988,0x00000000d0c80000)
 Metaspace       used 71818K, capacity 76810K, committed 77056K, reserved 1116160K
  class space    used 9432K, capacity 10473K, committed 10496K, reserved 1048576K
Event: 392.768 GC heap after
Heap after GC invocations=30 (full 4):
 PSYoungGen      total 294912K, used 11600K [0x00000000eab00000, 0x00000000ffc00000, 0x0000000100000000)
  eden space 244736K, 0% used [0x00000000eab00000,0x00000000eab00000,0x00000000f9a00000)
  from space 50176K, 23% used [0x00000000fcb00000,0x00000000fd654060,0x00000000ffc00000)
  to   space 50176K, 0% used [0x00000000f9a00000,0x00000000f9a00000,0x00000000fcb00000)
 ParOldGen       total 274944K, used 132278K [0x00000000c0000000, 0x00000000d0c80000, 0x00000000eab00000)
  object space 274944K, 48% used [0x00000000c0000000,0x00000000c812d988,0x00000000d0c80000)
 Metaspace       used 71818K, capacity 76810K, committed 77056K, reserved 1116160K
  class space    used 9432K, capacity 10473K, committed 10496K, reserved 1048576K
}

