# JRE version: OpenJDK Runtime Environment (8.0_152-b01) (build 1.8.0_152-release-915-b01)
# Java VM: OpenJDK 64-Bit Server VM (25.152-b01 mixed mode windows-amd64 compressed oops)
Heap:
 PSYoungGen      total 232960K, used 72976K [0x00000000e0000000, 0x00000000efe00000, 0x0000000100000000)
  eden space 216064K, 25% used [0x00000000e0000000,0x00000000e36c7e78,0x00000000ed300000)
  from space 16896K, 99% used [0x00000000edd00000,0x00000000eed7c538,0x00000000eed80000)
  to   space 14336K, 0% used [0x00000000ef000000,0x00000000ef000000,0x00000000efe00000)
 ParOldGen       total 114176K, used 29380K [0x00000000a0000000, 0x00000000a6f80000, 0x00000000e0000000)
  object space 114176K, 25% used [0x00000000a0000000,0x00000000a1cb1160,0x00000000a6f80000)
 Metaspace       used 55062K, capacity 57724K, committed 57944K, reserved 1099776K
  class space    used 7519K, capacity 8243K, committed 8320K, reserved 1048576K
GC Heap History (10 events):
Event: 14.062 GC heap before
{Heap before GC invocations=5 (full 1):
 PSYoungGen      total 76288K, used 65536K [0x00000000e0000000, 0x00000000e9500000, 0x0000000100000000)
  eden space 65536K, 100% used [0x00000000e0000000,0x00000000e4000000,0x00000000e4000000)
  from space 10752K, 0% used [0x00000000e4000000,0x00000000e4000000,0x00000000e4a80000)
  to   space 10752K, 0% used [0x00000000e8a80000,0x00000000e8a80000,0x00000000e9500000)
 ParOldGen       total 79872K, used 6555K [0x00000000a0000000, 0x00000000a4e00000, 0x00000000e0000000)
  object space 79872K, 8% used [0x00000000a0000000,0x00000000a0666ea0,0x00000000a4e00000)
 Metaspace       used 25799K, capacity 26444K, committed 26752K, reserved 1073152K
  class space    used 3500K, capacity 3705K, committed 3712K, reserved 1048576K
Event: 14.070 GC heap after
Heap after GC invocations=5 (full 1):
 PSYoungGen      total 132096K, used 7786K [0x00000000e0000000, 0x00000000e9280000, 0x0000000100000000)
  eden space 123904K, 0% used [0x00000000e0000000,0x00000000e0000000,0x00000000e7900000)
  from space 8192K, 95% used [0x00000000e8a80000,0x00000000e921a828,0x00000000e9280000)
  to   space 10752K, 0% used [0x00000000e7d80000,0x00000000e7d80000,0x00000000e8800000)
 ParOldGen       total 79872K, used 6563K [0x00000000a0000000, 0x00000000a4e00000, 0x00000000e0000000)
  object space 79872K, 8% used [0x00000000a0000000,0x00000000a0668ea0,0x00000000a4e00000)
 Metaspace       used 25799K, capacity 26444K, committed 26752K, reserved 1073152K
  class space    used 3500K, capacity 3705K, committed 3712K, reserved 1048576K
}
Event: 20.118 GC heap before
{Heap before GC invocations=6 (full 1):
 PSYoungGen      total 132096K, used 131690K [0x00000000e0000000, 0x00000000e9280000, 0x0000000100000000)
  eden space 123904K, 100% used [0x00000000e0000000,0x00000000e7900000,0x00000000e7900000)
  from space 8192K, 95% used [0x00000000e8a80000,0x00000000e921a828,0x00000000e9280000)
  to   space 10752K, 0% used [0x00000000e7d80000,0x00000000e7d80000,0x00000000e8800000)
 ParOldGen       total 79872K, used 6563K [0x00000000a0000000, 0x00000000a4e00000, 0x00000000e0000000)
  object space 79872K, 8% used [0x00000000a0000000,0x00000000a0668ea0,0x00000000a4e00000)
 Metaspace       used 34492K, capacity 35268K, committed 35416K, reserved 1079296K
  class space    used 4660K, capacity 4970K, committed 4992K, reserved 1048576K
Event: 20.133 GC heap after
Heap after GC invocations=6 (full 1):
 PSYoungGen      total 139264K, used 10740K [0x00000000e0000000, 0x00000000efe80000, 0x0000000100000000)
  eden space 128512K, 0% used [0x00000000e0000000,0x00000000e0000000,0x00000000e7d80000)
  from space 10752K, 99% used [0x00000000e7d80000,0x00000000e87fd288,0x00000000e8800000)
  to   space 14848K, 0% used [0x00000000ef000000,0x00000000ef000000,0x00000000efe80000)
 ParOldGen       total 79872K, used 8738K [0x00000000a0000000, 0x00000000a4e00000, 0x00000000e0000000)
  object space 79872K, 10% used [0x00000000a0000000,0x00000000a08889a0,0x00000000a4e00000)
 Metaspace       used 34492K, capacity 35268K, committed 35416K, reserved 1079296K
  class space    used 4660K, capacity 4970K, committed 4992K, reserved 1048576K
}
Event: 20.134 GC heap before
{Heap before GC invocations=7 (full 2):
 PSYoungGen      total 139264K, used 10740K [0x00000000e0000000, 0x00000000efe80000, 0x0000000100000000)
  eden space 128512K, 0% used [0x00000000e0000000,0x00000000e0000000,0x00000000e7d80000)
  from space 10752K, 99% used [0x00000000e7d80000,0x00000000e87fd288,0x00000000e8800000)
  to   space 14848K, 0% used [0x00000000ef000000,0x00000000ef000000,0x00000000efe80000)
 ParOldGen       total 79872K, used 8738K [0x00000000a0000000, 0x00000000a4e00000, 0x00000000e0000000)
  object space 79872K, 10% used [0x00000000a0000000,0x00000000a08889a0,0x00000000a4e00000)
 Metaspace       used 34492K, capacity 35268K, committed 35416K, reserved 1079296K
  class space    used 4660K, capacity 4970K, committed 4992K, reserved 1048576K
Event: 20.226 GC heap after
Heap after GC invocations=7 (full 2):
 PSYoungGen      total 139264K, used 0K [0x00000000e0000000, 0x00000000efe80000, 0x0000000100000000)
  eden space 128512K, 0% used [0x00000000e0000000,0x00000000e0000000,0x00000000e7d80000)
  from space 10752K, 0% used [0x00000000e7d80000,0x00000000e7d80000,0x00000000e8800000)
  to   space 14848K, 0% used [0x00000000ef000000,0x00000000ef000000,0x00000000efe80000)
 ParOldGen       total 114176K, used 18702K [0x00000000a0000000, 0x00000000a6f80000, 0x00000000e0000000)
  object space 114176K, 16% used [0x00000000a0000000,0x00000000a1243a48,0x00000000a6f80000)
 Metaspace       used 34492K, capacity 35268K, committed 35416K, reserved 1079296K
  class space    used 4660K, capacity 4970K, committed 4992K, reserved 1048576K
}
Event: 22.238 GC heap before
{Heap before GC invocations=8 (full 2):
 PSYoungGen      total 139264K, used 128512K [0x00000000e0000000, 0x00000000efe80000, 0x0000000100000000)
  eden space 128512K, 100% used [0x00000000e0000000,0x00000000e7d80000,0x00000000e7d80000)
  from space 10752K, 0% used [0x00000000e7d80000,0x00000000e7d80000,0x00000000e8800000)
  to   space 14848K, 0% used [0x00000000ef000000,0x00000000ef000000,0x00000000efe80000)
 ParOldGen       total 114176K, used 18702K [0x00000000a0000000, 0x00000000a6f80000, 0x00000000e0000000)
  object space 114176K, 16% used [0x00000000a0000000,0x00000000a1243a48,0x00000000a6f80000)
 Metaspace       used 46065K, capacity 47182K, committed 47576K, reserved 1089536K
  class space    used 6177K, capacity 6536K, committed 6656K, reserved 1048576K
Event: 22.256 GC heap after
Heap after GC invocations=8 (full 2):
 PSYoungGen      total 230400K, used 14288K [0x00000000e0000000, 0x00000000efe00000, 0x0000000100000000)
  eden space 216064K, 0% used [0x00000000e0000000,0x00000000e0000000,0x00000000ed300000)
  from space 14336K, 99% used [0x00000000ef000000,0x00000000efdf42e8,0x00000000efe00000)
  to   space 16896K, 0% used [0x00000000edd00000,0x00000000edd00000,0x00000000eed80000)
 ParOldGen       total 114176K, used 18710K [0x00000000a0000000, 0x00000000a6f80000, 0x00000000e0000000)
  object space 114176K, 16% used [0x00000000a0000000,0x00000000a1245a48,0x00000000a6f80000)
 Metaspace       used 46065K, capacity 47182K, committed 47576K, reserved 1089536K
  class space    used 6177K, capacity 6536K, committed 6656K, reserved 1048576K
}
Event: 25.340 GC heap before
{Heap before GC invocations=9 (full 2):
 PSYoungGen      total 230400K, used 230352K [0x00000000e0000000, 0x00000000efe00000, 0x0000000100000000)
  eden space 216064K, 100% used [0x00000000e0000000,0x00000000ed300000,0x00000000ed300000)
  from space 14336K, 99% used [0x00000000ef000000,0x00000000efdf42e8,0x00000000efe00000)
  to   space 16896K, 0% used [0x00000000edd00000,0x00000000edd00000,0x00000000eed80000)
 ParOldGen       total 114176K, used 18710K [0x00000000a0000000, 0x00000000a6f80000, 0x00000000e0000000)
  object space 114176K, 16% used [0x00000000a0000000,0x00000000a1245a48,0x00000000a6f80000)
 Metaspace       used 53718K, capacity 55774K, committed 55896K, reserved 1097728K
  class space    used 7276K, capacity 7803K, committed 7808K, reserved 1048576K
Event: 25.366 GC heap after
Heap after GC invocations=9 (full 2):
 PSYoungGen      total 232960K, used 16881K [0x00000000e0000000, 0x00000000efe00000, 0x0000000100000000)
  eden space 216064K, 0% used [0x00000000e0000000,0x00000000e0000000,0x00000000ed300000)
  from space 16896K, 99% used [0x00000000edd00000,0x00000000eed7c538,0x00000000eed80000)
  to   space 14336K, 0% used [0x00000000ef000000,0x00000000ef000000,0x00000000efe00000)
 ParOldGen       total 114176K, used 29380K [0x00000000a0000000, 0x00000000a6f80000, 0x00000000e0000000)
  object space 114176K, 25% used [0x00000000a0000000,0x00000000a1cb1160,0x00000000a6f80000)
 Metaspace       used 53718K, capacity 55774K, committed 55896K, reserved 1097728K
  class space    used 7276K, capacity 7803K, committed 7808K, reserved 1048576K
}

