# JRE version: Java(TM) SE Runtime Environment (8.0_111-b14) (build 1.8.0_111-b14)
# Java VM: Java HotSpot(TM) 64-Bit Server VM (25.111-b14 mixed mode windows-amd64 compressed oops)
Heap:
 PSYoungGen      total 430592K, used 269525K [0x00000000e0000000, 0x0000000100000000, 0x0000000100000000)
  eden space 344576K, 76% used [0x00000000e0000000,0x00000000f00d7f68,0x00000000f5080000)
  from space 86016K, 7% used [0x00000000f5080000,0x00000000f56dd4a0,0x00000000fa480000)
  to   space 85504K, 0% used [0x00000000fac80000,0x00000000fac80000,0x0000000100000000)
 ParOldGen       total 402944K, used 354767K [0x00000000a0000000, 0x00000000b8980000, 0x00000000e0000000)
  object space 402944K, 88% used [0x00000000a0000000,0x00000000b5a73c38,0x00000000b8980000)
 Metaspace       used 94061K, capacity 103532K, committed 103728K, reserved 1138688K
  class space    used 11981K, capacity 14073K, committed 14128K, reserved 1048576K
GC Heap History (10 events):
Event: 16358.586 GC heap before
{Heap before GC invocations=121 (full 8):
 PSYoungGen      total 432640K, used 363256K [0x00000000e0000000, 0x00000000ffa80000, 0x0000000100000000)
  eden space 352768K, 98% used [0x00000000e0000000,0x00000000f544e480,0x00000000f5880000)
  from space 79872K, 18% used [0x00000000fac80000,0x00000000fbaefea8,0x00000000ffa80000)
  to   space 82944K, 0% used [0x00000000f5880000,0x00000000f5880000,0x00000000fa980000)
 ParOldGen       total 402944K, used 273872K [0x00000000a0000000, 0x00000000b8980000, 0x00000000e0000000)
  object space 402944K, 67% used [0x00000000a0000000,0x00000000b0b74180,0x00000000b8980000)
 Metaspace       used 93987K, capacity 103456K, committed 103728K, reserved 1138688K
  class space    used 11980K, capacity 14071K, committed 14128K, reserved 1048576K
Event: 16358.652 GC heap after
Heap after GC invocations=121 (full 8):
 PSYoungGen      total 416768K, used 63688K [0x00000000e0000000, 0x0000000100000000, 0x0000000100000000)
  eden space 352768K, 0% used [0x00000000e0000000,0x00000000e0000000,0x00000000f5880000)
  from space 64000K, 99% used [0x00000000f5880000,0x00000000f96b2350,0x00000000f9700000)
  to   space 90112K, 0% used [0x00000000fa800000,0x00000000fa800000,0x0000000100000000)
 ParOldGen       total 402944K, used 283931K [0x00000000a0000000, 0x00000000b8980000, 0x00000000e0000000)
  object space 402944K, 70% used [0x00000000a0000000,0x00000000b1546db0,0x00000000b8980000)
 Metaspace       used 93987K, capacity 103456K, committed 103728K, reserved 1138688K
  class space    used 11980K, capacity 14071K, committed 14128K, reserved 1048576K
}
Event: 16367.302 GC heap before
{Heap before GC invocations=122 (full 8):
 PSYoungGen      total 416768K, used 416456K [0x00000000e0000000, 0x0000000100000000, 0x0000000100000000)
  eden space 352768K, 100% used [0x00000000e0000000,0x00000000f5880000,0x00000000f5880000)
  from space 64000K, 99% used [0x00000000f5880000,0x00000000f96b2350,0x00000000f9700000)
  to   space 90112K, 0% used [0x00000000fa800000,0x00000000fa800000,0x0000000100000000)
 ParOldGen       total 402944K, used 283931K [0x00000000a0000000, 0x00000000b8980000, 0x00000000e0000000)
  object space 402944K, 70% used [0x00000000a0000000,0x00000000b1546db0,0x00000000b8980000)
 Metaspace       used 93994K, capacity 103456K, committed 103728K, reserved 1138688K
  class space    used 11980K, capacity 14071K, committed 14128K, reserved 1048576K
Event: 16367.347 GC heap after
Heap after GC invocations=122 (full 8):
 PSYoungGen      total 439296K, used 29880K [0x00000000e0000000, 0x0000000100000000, 0x0000000100000000)
  eden space 349184K, 0% used [0x00000000e0000000,0x00000000e0000000,0x00000000f5500000)
  from space 90112K, 33% used [0x00000000fa800000,0x00000000fc52e288,0x0000000100000000)
  to   space 84992K, 0% used [0x00000000f5500000,0x00000000f5500000,0x00000000fa800000)
 ParOldGen       total 402944K, used 303271K [0x00000000a0000000, 0x00000000b8980000, 0x00000000e0000000)
  object space 402944K, 75% used [0x00000000a0000000,0x00000000b2829e20,0x00000000b8980000)
 Metaspace       used 93994K, capacity 103456K, committed 103728K, reserved 1138688K
  class space    used 11980K, capacity 14071K, committed 14128K, reserved 1048576K
}
Event: 16375.851 GC heap before
{Heap before GC invocations=123 (full 8):
 PSYoungGen      total 439296K, used 379064K [0x00000000e0000000, 0x0000000100000000, 0x0000000100000000)
  eden space 349184K, 100% used [0x00000000e0000000,0x00000000f5500000,0x00000000f5500000)
  from space 90112K, 33% used [0x00000000fa800000,0x00000000fc52e288,0x0000000100000000)
  to   space 84992K, 0% used [0x00000000f5500000,0x00000000f5500000,0x00000000fa800000)
 ParOldGen       total 402944K, used 303271K [0x00000000a0000000, 0x00000000b8980000, 0x00000000e0000000)
  object space 402944K, 75% used [0x00000000a0000000,0x00000000b2829e20,0x00000000b8980000)
 Metaspace       used 94002K, capacity 103520K, committed 103728K, reserved 1138688K
  class space    used 11980K, capacity 14071K, committed 14128K, reserved 1048576K
Event: 16375.892 GC heap after
Heap after GC invocations=123 (full 8):
 PSYoungGen      total 371712K, used 22306K [0x00000000e0000000, 0x00000000ff400000, 0x0000000100000000)
  eden space 349184K, 0% used [0x00000000e0000000,0x00000000e0000000,0x00000000f5500000)
  from space 22528K, 99% used [0x00000000f5500000,0x00000000f6ac8840,0x00000000f6b00000)
  to   space 81408K, 0% used [0x00000000fa480000,0x00000000fa480000,0x00000000ff400000)
 ParOldGen       total 402944K, used 323414K [0x00000000a0000000, 0x00000000b8980000, 0x00000000e0000000)
  object space 402944K, 80% used [0x00000000a0000000,0x00000000b3bd5880,0x00000000b8980000)
 Metaspace       used 94002K, capacity 103520K, committed 103728K, reserved 1138688K
  class space    used 11980K, capacity 14071K, committed 14128K, reserved 1048576K
}
Event: 16378.198 GC heap before
{Heap before GC invocations=124 (full 8):
 PSYoungGen      total 371712K, used 371490K [0x00000000e0000000, 0x00000000ff400000, 0x0000000100000000)
  eden space 349184K, 100% used [0x00000000e0000000,0x00000000f5500000,0x00000000f5500000)
  from space 22528K, 99% used [0x00000000f5500000,0x00000000f6ac8840,0x00000000f6b00000)
  to   space 81408K, 0% used [0x00000000fa480000,0x00000000fa480000,0x00000000ff400000)
 ParOldGen       total 402944K, used 323414K [0x00000000a0000000, 0x00000000b8980000, 0x00000000e0000000)
  object space 402944K, 80% used [0x00000000a0000000,0x00000000b3bd5880,0x00000000b8980000)
 Metaspace       used 94031K, capacity 103520K, committed 103728K, reserved 1138688K
  class space    used 11980K, capacity 14071K, committed 14128K, reserved 1048576K
Event: 16378.258 GC heap after
Heap after GC invocations=124 (full 8):
 PSYoungGen      total 425984K, used 57420K [0x00000000e0000000, 0x0000000100000000, 0x0000000100000000)
  eden space 344576K, 0% used [0x00000000e0000000,0x00000000e0000000,0x00000000f5080000)
  from space 81408K, 70% used [0x00000000fa480000,0x00000000fdc933f0,0x00000000ff400000)
  to   space 86016K, 0% used [0x00000000f5080000,0x00000000f5080000,0x00000000fa480000)
 ParOldGen       total 402944K, used 344866K [0x00000000a0000000, 0x00000000b8980000, 0x00000000e0000000)
  object space 402944K, 85% used [0x00000000a0000000,0x00000000b50c8990,0x00000000b8980000)
 Metaspace       used 94031K, capacity 103520K, committed 103728K, reserved 1138688K
  class space    used 11980K, capacity 14071K, committed 14128K, reserved 1048576K
}
Event: 16379.439 GC heap before
{Heap before GC invocations=125 (full 8):
 PSYoungGen      total 425984K, used 401996K [0x00000000e0000000, 0x0000000100000000, 0x0000000100000000)
  eden space 344576K, 100% used [0x00000000e0000000,0x00000000f5080000,0x00000000f5080000)
  from space 81408K, 70% used [0x00000000fa480000,0x00000000fdc933f0,0x00000000ff400000)
  to   space 86016K, 0% used [0x00000000f5080000,0x00000000f5080000,0x00000000fa480000)
 ParOldGen       total 402944K, used 344866K [0x00000000a0000000, 0x00000000b8980000, 0x00000000e0000000)
  object space 402944K, 85% used [0x00000000a0000000,0x00000000b50c8990,0x00000000b8980000)
 Metaspace       used 94043K, capacity 103520K, committed 103728K, reserved 1138688K
  class space    used 11980K, capacity 14071K, committed 14128K, reserved 1048576K
Event: 16379.469 GC heap after
Heap after GC invocations=125 (full 8):
 PSYoungGen      total 430592K, used 6517K [0x00000000e0000000, 0x0000000100000000, 0x0000000100000000)
  eden space 344576K, 0% used [0x00000000e0000000,0x00000000e0000000,0x00000000f5080000)
  from space 86016K, 7% used [0x00000000f5080000,0x00000000f56dd4a0,0x00000000fa480000)
  to   space 85504K, 0% used [0x00000000fac80000,0x00000000fac80000,0x0000000100000000)
 ParOldGen       total 402944K, used 354767K [0x00000000a0000000, 0x00000000b8980000, 0x00000000e0000000)
  object space 402944K, 88% used [0x00000000a0000000,0x00000000b5a73c38,0x00000000b8980000)
 Metaspace       used 94043K, capacity 103520K, committed 103728K, reserved 1138688K
  class space    used 11980K, capacity 14071K, committed 14128K, reserved 1048576K
}

