# JRE version: OpenJDK Runtime Environment (8.0_152-b01) (build 1.8.0_152-release-915-b01)
# Java VM: OpenJDK 64-Bit Server VM (25.152-b01 mixed mode windows-amd64 compressed oops)
Heap:
 PSYoungGen      total 466944K, used 314967K [0x00000000e0000000, 0x0000000100000000, 0x0000000100000000)
  eden space 409600K, 62% used [0x00000000e0000000,0x00000000efb98730,0x00000000f9000000)
  from space 57344K, 99% used [0x00000000f9000000,0x00000000fc7fd768,0x00000000fc800000)
  to   space 57344K, 0% used [0x00000000fc800000,0x00000000fc800000,0x0000000100000000)
 ParOldGen       total 252416K, used 143969K [0x00000000a0000000, 0x00000000af680000, 0x00000000e0000000)
  object space 252416K, 57% used [0x00000000a0000000,0x00000000a8c98748,0x00000000af680000)
 Metaspace       used 75502K, capacity 82170K, committed 82264K, reserved 1120256K
  class space    used 10021K, capacity 11597K, committed 11648K, reserved 1048576K
GC Heap History (10 events):
Event: 39.664 GC heap before
{Heap before GC invocations=18 (full 3):
 PSYoungGen      total 422400K, used 404608K [0x00000000e0000000, 0x00000000fc880000, 0x0000000100000000)
  eden space 390656K, 100% used [0x00000000e0000000,0x00000000f7d80000,0x00000000f7d80000)
  from space 31744K, 43% used [0x00000000fa980000,0x00000000fb720010,0x00000000fc880000)
  to   space 38400K, 0% used [0x00000000f7d80000,0x00000000f7d80000,0x00000000fa300000)
 ParOldGen       total 252416K, used 89166K [0x00000000a0000000, 0x00000000af680000, 0x00000000e0000000)
  object space 252416K, 35% used [0x00000000a0000000,0x00000000a5713960,0x00000000af680000)
 Metaspace       used 61655K, capacity 66234K, committed 66520K, reserved 1105920K
  class space    used 8460K, capacity 9658K, committed 9728K, reserved 1048576K
Event: 39.676 GC heap after
Heap after GC invocations=18 (full 3):
 PSYoungGen      total 429056K, used 15968K [0x00000000e0000000, 0x0000000100000000, 0x0000000100000000)
  eden space 390656K, 0% used [0x00000000e0000000,0x00000000e0000000,0x00000000f7d80000)
  from space 38400K, 41% used [0x00000000f7d80000,0x00000000f8d18010,0x00000000fa300000)
  to   space 36352K, 0% used [0x00000000fdc80000,0x00000000fdc80000,0x0000000100000000)
 ParOldGen       total 252416K, used 89166K [0x00000000a0000000, 0x00000000af680000, 0x00000000e0000000)
  object space 252416K, 35% used [0x00000000a0000000,0x00000000a5713960,0x00000000af680000)
 Metaspace       used 61655K, capacity 66234K, committed 66520K, reserved 1105920K
  class space    used 8460K, capacity 9658K, committed 9728K, reserved 1048576K
}
Event: 52.609 GC heap before
{Heap before GC invocations=19 (full 3):
 PSYoungGen      total 429056K, used 406624K [0x00000000e0000000, 0x0000000100000000, 0x0000000100000000)
  eden space 390656K, 100% used [0x00000000e0000000,0x00000000f7d80000,0x00000000f7d80000)
  from space 38400K, 41% used [0x00000000f7d80000,0x00000000f8d18010,0x00000000fa300000)
  to   space 36352K, 0% used [0x00000000fdc80000,0x00000000fdc80000,0x0000000100000000)
 ParOldGen       total 252416K, used 89166K [0x00000000a0000000, 0x00000000af680000, 0x00000000e0000000)
  object space 252416K, 35% used [0x00000000a0000000,0x00000000a5713960,0x00000000af680000)
 Metaspace       used 65815K, capacity 71204K, committed 71384K, reserved 1110016K
  class space    used 8861K, capacity 10233K, committed 10240K, reserved 1048576K
Event: 52.658 GC heap after
Heap after GC invocations=19 (full 3):
 PSYoungGen      total 478720K, used 26265K [0x00000000e0000000, 0x00000000ffd00000, 0x0000000100000000)
  eden space 445440K, 0% used [0x00000000e0000000,0x00000000e0000000,0x00000000fb300000)
  from space 33280K, 78% used [0x00000000fdc80000,0x00000000ff626790,0x00000000ffd00000)
  to   space 37888K, 0% used [0x00000000fb300000,0x00000000fb300000,0x00000000fd800000)
 ParOldGen       total 252416K, used 89174K [0x00000000a0000000, 0x00000000af680000, 0x00000000e0000000)
  object space 252416K, 35% used [0x00000000a0000000,0x00000000a5715960,0x00000000af680000)
 Metaspace       used 65815K, capacity 71204K, committed 71384K, reserved 1110016K
  class space    used 8861K, capacity 10233K, committed 10240K, reserved 1048576K
}
Event: 61.555 GC heap before
{Heap before GC invocations=20 (full 3):
 PSYoungGen      total 478720K, used 471705K [0x00000000e0000000, 0x00000000ffd00000, 0x0000000100000000)
  eden space 445440K, 100% used [0x00000000e0000000,0x00000000fb300000,0x00000000fb300000)
  from space 33280K, 78% used [0x00000000fdc80000,0x00000000ff626790,0x00000000ffd00000)
  to   space 37888K, 0% used [0x00000000fb300000,0x00000000fb300000,0x00000000fd800000)
 ParOldGen       total 252416K, used 89174K [0x00000000a0000000, 0x00000000af680000, 0x00000000e0000000)
  object space 252416K, 35% used [0x00000000a0000000,0x00000000a5715960,0x00000000af680000)
 Metaspace       used 68933K, capacity 75286K, committed 75608K, reserved 1114112K
  class space    used 9246K, capacity 10774K, committed 10880K, reserved 1048576K
Event: 61.598 GC heap after
Heap after GC invocations=20 (full 3):
 PSYoungGen      total 483328K, used 37863K [0x00000000e0000000, 0x0000000100000000, 0x0000000100000000)
  eden space 445440K, 0% used [0x00000000e0000000,0x00000000e0000000,0x00000000fb300000)
  from space 37888K, 99% used [0x00000000fb300000,0x00000000fd7f9ff0,0x00000000fd800000)
  to   space 40960K, 0% used [0x00000000fd800000,0x00000000fd800000,0x0000000100000000)
 ParOldGen       total 252416K, used 116393K [0x00000000a0000000, 0x00000000af680000, 0x00000000e0000000)
  object space 252416K, 46% used [0x00000000a0000000,0x00000000a71aa688,0x00000000af680000)
 Metaspace       used 68933K, capacity 75286K, committed 75608K, reserved 1114112K
  class space    used 9246K, capacity 10774K, committed 10880K, reserved 1048576K
}
Event: 75.270 GC heap before
{Heap before GC invocations=21 (full 3):
 PSYoungGen      total 483328K, used 483303K [0x00000000e0000000, 0x0000000100000000, 0x0000000100000000)
  eden space 445440K, 100% used [0x00000000e0000000,0x00000000fb300000,0x00000000fb300000)
  from space 37888K, 99% used [0x00000000fb300000,0x00000000fd7f9ff0,0x00000000fd800000)
  to   space 40960K, 0% used [0x00000000fd800000,0x00000000fd800000,0x0000000100000000)
 ParOldGen       total 252416K, used 116393K [0x00000000a0000000, 0x00000000af680000, 0x00000000e0000000)
  object space 252416K, 46% used [0x00000000a0000000,0x00000000a71aa688,0x00000000af680000)
 Metaspace       used 69196K, capacity 75610K, committed 75864K, reserved 1114112K
  class space    used 9260K, capacity 10796K, committed 10880K, reserved 1048576K
Event: 75.402 GC heap after
Heap after GC invocations=21 (full 3):
 PSYoungGen      total 450560K, used 40536K [0x00000000e0000000, 0x0000000100000000, 0x0000000100000000)
  eden space 409600K, 0% used [0x00000000e0000000,0x00000000e0000000,0x00000000f9000000)
  from space 40960K, 98% used [0x00000000fd800000,0x00000000fff96030,0x0000000100000000)
  to   space 57344K, 0% used [0x00000000f9000000,0x00000000f9000000,0x00000000fc800000)
 ParOldGen       total 252416K, used 124353K [0x00000000a0000000, 0x00000000af680000, 0x00000000e0000000)
  object space 252416K, 49% used [0x00000000a0000000,0x00000000a7970688,0x00000000af680000)
 Metaspace       used 69196K, capacity 75610K, committed 75864K, reserved 1114112K
  class space    used 9260K, capacity 10796K, committed 10880K, reserved 1048576K
}
Event: 81.841 GC heap before
{Heap before GC invocations=22 (full 3):
 PSYoungGen      total 450560K, used 450136K [0x00000000e0000000, 0x0000000100000000, 0x0000000100000000)
  eden space 409600K, 100% used [0x00000000e0000000,0x00000000f9000000,0x00000000f9000000)
  from space 40960K, 98% used [0x00000000fd800000,0x00000000fff96030,0x0000000100000000)
  to   space 57344K, 0% used [0x00000000f9000000,0x00000000f9000000,0x00000000fc800000)
 ParOldGen       total 252416K, used 124353K [0x00000000a0000000, 0x00000000af680000, 0x00000000e0000000)
  object space 252416K, 49% used [0x00000000a0000000,0x00000000a7970688,0x00000000af680000)
 Metaspace       used 74662K, capacity 81160K, committed 81368K, reserved 1120256K
  class space    used 9926K, capacity 11446K, committed 11520K, reserved 1048576K
Event: 81.977 GC heap after
Heap after GC invocations=22 (full 3):
 PSYoungGen      total 466944K, used 57333K [0x00000000e0000000, 0x0000000100000000, 0x0000000100000000)
  eden space 409600K, 0% used [0x00000000e0000000,0x00000000e0000000,0x00000000f9000000)
  from space 57344K, 99% used [0x00000000f9000000,0x00000000fc7fd768,0x00000000fc800000)
  to   space 57344K, 0% used [0x00000000fc800000,0x00000000fc800000,0x0000000100000000)
 ParOldGen       total 252416K, used 143969K [0x00000000a0000000, 0x00000000af680000, 0x00000000e0000000)
  object space 252416K, 57% used [0x00000000a0000000,0x00000000a8c98748,0x00000000af680000)
 Metaspace       used 74662K, capacity 81160K, committed 81368K, reserved 1120256K
  class space    used 9926K, capacity 11446K, committed 11520K, reserved 1048576K
}

